[2024-11-01 00:00:11] Initializing kcauto.
[2024-11-01 00:00:11] Loading data from 'configs\config_cui.json'.
[2024-11-01 00:00:11] Combat config init called
[2024-11-01 00:00:11] SET _sortie_map_read_only: {MapEnum(value)}
[2024-11-01 00:00:11] _repair_bucket_threshold set 500
[2024-11-01 00:00:11] Config successfully loaded.
[2024-11-01 00:00:11] Initializing Ship core.
[2024-11-01 00:00:11] Loading data from 'data\temp\wctf.json'.
[2024-11-01 00:00:11] Kca module initialized.
[2024-11-01 00:00:11] PvP module enabled.
[2024-11-01 00:00:11] Quest module enabled.
[2024-11-01 00:00:11] Loading Quest data.
[2024-11-01 00:00:11] Loading data from 'data\quests\quests.json'.
[2024-11-01 00:00:11] Loading Quest priority data.
[2024-11-01 00:00:11] Loading data from 'data\quests\quest_priority.json'.
[2024-11-01 00:00:11] Combat Stats module initialized.
[2024-11-01 00:00:11] Expedition Stats module initialized.
[2024-11-01 00:00:11] Factory Stats module initialized.
[2024-11-01 00:00:11] PvP Stats module initialized.
[2024-11-01 00:00:11] Ship Switcher Stats module initialized.
[2024-11-01 00:00:11] Resupply Stats module initialized.
[2024-11-01 00:00:11] Repair Stats module initialized.
[2024-11-01 00:00:11] Quest Stats module initialized.
[2024-11-01 00:00:11] Recovery Stats module initialized.
[2024-11-01 00:00:11] Resource Stats module initialized.
[2024-11-01 00:00:11] Stats module initialized.
[2024-11-01 00:00:11] Initializing Ship Switcher core.
[2024-11-01 00:00:11] Loading data from 'data\temp\reinforce_general_category.json'.
[2024-11-01 00:00:11] Loading data from 'data\temp\reinforce_special.json'.
[2024-11-01 00:00:11] Loading data from 'data\temp\ship_type.json'.
[2024-11-01 00:00:11] Loading data from 'data\temp\equipment_ship_special.json'.
[2024-11-01 00:00:11] Loading data from 'data\temp\equipment_list.json'.
[2024-11-01 00:00:11] FleetCore init.
[2024-11-01 00:00:11] Fleet 1 with type FleetEnum.COMBAT init.
[2024-11-01 00:00:11] Fleet 1 activated.
[2024-11-01 00:00:11] value FleetEnum.COMBAT.
[2024-11-01 00:00:11] Fleet 2 with type FleetEnum.EXPEDITION init.
[2024-11-01 00:00:11] value FleetEnum.EXPEDITION.
[2024-11-01 00:00:11] Fleet 3 with type FleetEnum.EXPEDITION init.
[2024-11-01 00:00:11] value FleetEnum.EXPEDITION.
[2024-11-01 00:00:11] Fleet 4 with type FleetEnum.EXPEDITION init.
[2024-11-01 00:00:11] value FleetEnum.EXPEDITION.
[2024-11-01 00:00:11] Expedition module enabled.
[2024-11-01 00:00:11] Loading data from 'data\expedition\expedition.json'.
[2024-11-01 00:00:11] API Wrapper module initialized.
[2024-11-01 00:00:11] Combat module enabled.
[2024-11-01 00:00:11] Initializing scheduler core.
[2024-11-01 00:00:11] Hooking into Chrome.
[2024-11-01 00:00:21] Connected to visual tab (3:856D10276A4CF754C141A48893DA4948)
[2024-11-01 00:00:23] Connected to API tab (9:D949D402156E2AEEEE1F50C175125C1E)
[2024-11-01 00:00:23] Connected to Chrome
[2024-11-01 00:00:23] Initializing kcauto v3.0.0-beta in command-line mode with the 'config_cui' config file.
[2024-11-01 00:00:23] Finding browser.
[2024-11-01 00:00:23] -8
[2024-11-01 00:00:23] 95
[2024-11-01 00:00:23] Can't find splash screen.
[2024-11-01 00:00:23] Loading data from 'data\temp\get_data_ship.json'.
[2024-11-01 00:00:23] Updating ship library data.
[2024-11-01 00:00:24] Finding kancolle.
[2024-11-01 00:00:24] Not using UI 1 or 2
[2024-11-01 00:00:24] Using UI 3
[2024-11-01 00:00:24] Game X:90, Y:87
[2024-11-01 00:00:24] Game found. Initializing regions.
[2024-11-01 00:00:24] Updating regions.
[2024-11-01 00:00:24] New kca_loop started
[2024-11-01 00:00:24] kcauto is initializing.
[2024-11-01 00:00:24] Start receive expedetion
